Start training...
model on device: cuda:0
Epoch 0/9
----------
lr = 2.00e-05, 2.00e-03
Academic license - for non-commercial use only - expires 2021-06-06
Using license file /home/chen/gurobi.lic
Epoch 0    Iter 20   0.10sample/s Loss=13.2125  Accuracy=0.00694 F1=0.00694
Epoch 0    Iter 40   0.15sample/s Loss=13.6438  Accuracy=0.00596 F1=0.00701
Epoch 0    Iter 60   0.19sample/s Loss=12.3562  Accuracy=0.0358 F1=0.0335
Epoch 0    Iter 80   0.11sample/s Loss=14.3375  Accuracy=0.00396 F1=0.00413
Epoch 0    Iter 100  0.15sample/s Loss=13.9625  Accuracy=0.00825 F1=0.00786
Epoch 0    Iter 120  0.10sample/s Loss=15.2875  Accuracy=0.00985 F1=0.00981
Epoch 0    Iter 140  0.18sample/s Loss=13.3000  Accuracy=0.0278 F1=0.0273
Epoch 0    Iter 160  0.16sample/s Loss=12.5062  Accuracy=0.0507 F1=0.049
Epoch 0    Iter 180  0.23sample/s Loss=11.8313  Accuracy=0.0347 F1=0.0337
Epoch 0    Iter 200  0.17sample/s Loss=12.6000  Accuracy=0.0497 F1=0.0497
Over whole epoch 0    -------- Loss: 13.3038 Accuracy: 0.023 F1: 0.023

Start evaluation...
Evaluation complete in 158m 43s
Matching accuracy
aeroplane = 0.2020, 0.1914
bicycle = 0.4929, 0.4937
bird = 0.2745, 0.2540
boat = 0.3263, 0.3039
bottle = 0.7808, 0.7839
bus = 0.5091, 0.4781
car = 0.2924, 0.2565
cat = 0.3942, 0.3796
chair = 0.2436, 0.2401
cow = 0.3179, 0.3061
diningtable = 0.5338, 0.5083
dog = 0.2872, 0.2666
horse = 0.3996, 0.3763
motorbike = 0.3933, 0.3871
person = 0.2107, 0.2014
pottedplant = 0.9183, 0.9192
sheep = 0.2656, 0.2368
sofa = 0.3182, 0.2945
train = 0.7730, 0.7032
tvmonitor = 0.8120, 0.7832
average = 0.4373, 0.4182
Epoch 1/9
----------
lr = 2.00e-05, 2.00e-03
Epoch 1    Iter 20   0.14sample/s Loss=13.2812  Accuracy=0.076 F1=0.0746
Epoch 1    Iter 40   0.16sample/s Loss=13.7812  Accuracy=0.0666 F1=0.0643
Epoch 1    Iter 60   0.16sample/s Loss=12.2375  Accuracy=0.0759 F1=0.0745
Epoch 1    Iter 80   0.16sample/s Loss=13.0375  Accuracy=0.0648 F1=0.0629
Epoch 1    Iter 100  0.17sample/s Loss=12.4625  Accuracy=0.0812 F1=0.08
Epoch 1    Iter 120  0.14sample/s Loss=12.8000  Accuracy=0.0885 F1=0.0857
Epoch 1    Iter 140  0.13sample/s Loss=12.6687  Accuracy=0.0753 F1=0.0736
Epoch 1    Iter 160  0.17sample/s Loss=13.1250  Accuracy=0.098 F1=0.0944
Epoch 1    Iter 180  0.19sample/s Loss=12.5687  Accuracy=0.0809 F1=0.0783
Epoch 1    Iter 200  0.20sample/s Loss=11.0813  Accuracy=0.148 F1=0.144
Over whole epoch 1    -------- Loss: 12.7044 Accuracy: 0.085 F1: 0.083

Start evaluation...
Evaluation complete in 117m 46s
Matching accuracy
aeroplane = 0.2020, 0.1904
bicycle = 0.5122, 0.5117
bird = 0.3301, 0.3060
boat = 0.3600, 0.3279
bottle = 0.8858, 0.8858
bus = 0.6705, 0.6290
car = 0.3157, 0.2734
cat = 0.4769, 0.4563
chair = 0.2131, 0.2088
cow = 0.4447, 0.4266
diningtable = 0.4532, 0.4189
dog = 0.4172, 0.3922
horse = 0.4592, 0.4304
motorbike = 0.4254, 0.4172
person = 0.2347, 0.2230
pottedplant = 0.9363, 0.9325
sheep = 0.3632, 0.3247
sofa = 0.3339, 0.3071
train = 0.7872, 0.7070
tvmonitor = 0.8365, 0.8068
average = 0.4829, 0.4588
Epoch 2/9
----------
lr = 1.00e-05, 1.00e-03
Epoch 2    Iter 20   0.16sample/s Loss=12.2188  Accuracy=0.117 F1=0.114
Epoch 2    Iter 40   0.16sample/s Loss=12.4875  Accuracy=0.138 F1=0.134
Epoch 2    Iter 60   0.17sample/s Loss=12.0687  Accuracy=0.15 F1=0.144
Epoch 2    Iter 80   0.15sample/s Loss=12.2125  Accuracy=0.0841 F1=0.0821
Epoch 2    Iter 100  0.22sample/s Loss=11.0312  Accuracy=0.15 F1=0.147
Epoch 2    Iter 120  0.12sample/s Loss=13.5625  Accuracy=0.12 F1=0.117
Epoch 2    Iter 140  0.19sample/s Loss=10.9812  Accuracy=0.185 F1=0.185
Epoch 2    Iter 160  0.21sample/s Loss=11.5125  Accuracy=0.142 F1=0.139
Epoch 2    Iter 180  0.20sample/s Loss=10.8938  Accuracy=0.186 F1=0.186
Epoch 2    Iter 200  0.17sample/s Loss=10.6188  Accuracy=0.203 F1=0.201
Over whole epoch 2    -------- Loss: 11.7587 Accuracy: 0.147 F1: 0.145

Start evaluation...
Evaluation complete in 139m 9s
Matching accuracy
aeroplane = 0.1987, 0.1874
bicycle = 0.5801, 0.5795
bird = 0.3148, 0.2942
boat = 0.3600, 0.3282
bottle = 0.9003, 0.9003
bus = 0.7136, 0.6894
car = 0.2606, 0.2419
cat = 0.5000, 0.4844
chair = 0.2292, 0.2245
cow = 0.4844, 0.4676
diningtable = 0.6231, 0.5760
dog = 0.4231, 0.3995
horse = 0.4735, 0.4492
motorbike = 0.4839, 0.4752
person = 0.2099, 0.2017
pottedplant = 0.9442, 0.9395
sheep = 0.4032, 0.3703
sofa = 0.3846, 0.3543
train = 0.8369, 0.7528
tvmonitor = 0.8311, 0.8016
average = 0.5078, 0.4859
Epoch 3/9
----------
lr = 1.00e-05, 1.00e-03
Epoch 3    Iter 20   0.18sample/s Loss=11.9000  Accuracy=0.175 F1=0.17
Epoch 3    Iter 40   0.15sample/s Loss=11.2937  Accuracy=0.185 F1=0.182
Epoch 3    Iter 60   0.17sample/s Loss=11.9563  Accuracy=0.13 F1=0.129
Epoch 3    Iter 80   0.21sample/s Loss=11.0000  Accuracy=0.155 F1=0.154
Epoch 3    Iter 100  0.14sample/s Loss=11.7125  Accuracy=0.195 F1=0.19
Epoch 3    Iter 120  0.16sample/s Loss=10.6250  Accuracy=0.242 F1=0.233
Epoch 3    Iter 140  0.17sample/s Loss=10.3938  Accuracy=0.214 F1=0.213
Epoch 3    Iter 160  0.16sample/s Loss=11.1250  Accuracy=0.257 F1=0.254
Epoch 3    Iter 180  0.15sample/s Loss=12.1188  Accuracy=0.151 F1=0.147
Epoch 3    Iter 200  0.18sample/s Loss=10.9750  Accuracy=0.199 F1=0.193
Over whole epoch 3    -------- Loss: 11.3100 Accuracy: 0.190 F1: 0.187

Start evaluation...
Evaluation complete in 110m 13s
Matching accuracy
aeroplane = 0.2165, 0.2055
bicycle = 0.6227, 0.6221
bird = 0.3973, 0.3733
boat = 0.3263, 0.3179
bottle = 0.8871, 0.8871
bus = 0.7318, 0.6932
car = 0.2945, 0.2811
cat = 0.5462, 0.5342
chair = 0.2196, 0.2152
cow = 0.5317, 0.5191
diningtable = 0.6340, 0.5861
dog = 0.4815, 0.4532
horse = 0.5320, 0.5068
motorbike = 0.5044, 0.4950
person = 0.2372, 0.2280
pottedplant = 0.9602, 0.9554
sheep = 0.4144, 0.3820
sofa = 0.4108, 0.3775
train = 0.8617, 0.7839
tvmonitor = 0.8365, 0.8079
average = 0.5323, 0.5112
Epoch 4/9
----------
lr = 5.00e-06, 5.00e-04
Epoch 4    Iter 20   0.19sample/s Loss=10.3187  Accuracy=0.232 F1=0.227
Epoch 4    Iter 40   0.16sample/s Loss=10.9062  Accuracy=0.256 F1=0.246
Epoch 4    Iter 60   0.21sample/s Loss=10.5125  Accuracy=0.236 F1=0.23
Epoch 4    Iter 80   0.19sample/s Loss=10.7063  Accuracy=0.204 F1=0.203
Epoch 4    Iter 100  0.18sample/s Loss=10.2937  Accuracy=0.234 F1=0.229
Epoch 4    Iter 120  0.19sample/s Loss=10.1562  Accuracy=0.246 F1=0.242
Epoch 4    Iter 140  0.18sample/s Loss=10.5062  Accuracy=0.248 F1=0.248
Epoch 4    Iter 160  0.20sample/s Loss=10.7438  Accuracy=0.209 F1=0.204
Epoch 4    Iter 180  0.22sample/s Loss=10.3063  Accuracy=0.234 F1=0.229
Epoch 4    Iter 200  0.23sample/s Loss=9.2500   Accuracy=0.287 F1=0.28
Over whole epoch 4    -------- Loss: 10.3700 Accuracy: 0.239 F1: 0.234

Start evaluation...
Evaluation complete in 122m 15s
Matching accuracy
aeroplane = 0.2109, 0.1996
bicycle = 0.6430, 0.6424
bird = 0.3820, 0.3557
boat = 0.3158, 0.2970
bottle = 0.8937, 0.8931
bus = 0.7227, 0.6831
car = 0.2860, 0.2703
cat = 0.5596, 0.5434
chair = 0.2532, 0.2480
cow = 0.5585, 0.5411
diningtable = 0.6645, 0.6143
dog = 0.4863, 0.4569
horse = 0.5442, 0.5173
motorbike = 0.5395, 0.5294
person = 0.2058, 0.1982
pottedplant = 0.9641, 0.9594
sheep = 0.4432, 0.4059
sofa = 0.4073, 0.3746
train = 0.8759, 0.7942
tvmonitor = 0.8311, 0.8016
average = 0.5394, 0.5163
Epoch 5/9
----------
lr = 5.00e-06, 5.00e-04
Epoch 5    Iter 20   0.20sample/s Loss=10.7250  Accuracy=0.216 F1=0.209
Epoch 5    Iter 40   0.17sample/s Loss=10.3625  Accuracy=0.247 F1=0.243
Epoch 5    Iter 60   0.18sample/s Loss=10.3500  Accuracy=0.259 F1=0.251
Epoch 5    Iter 80   0.22sample/s Loss=9.1625   Accuracy=0.293 F1=0.287
Epoch 5    Iter 100  0.22sample/s Loss=9.4812   Accuracy=0.301 F1=0.295
Epoch 5    Iter 120  0.16sample/s Loss=10.9875  Accuracy=0.225 F1=0.222
Epoch 5    Iter 140  0.15sample/s Loss=11.0250  Accuracy=0.22 F1=0.215
Epoch 5    Iter 160  0.18sample/s Loss=10.3250  Accuracy=0.286 F1=0.283
Epoch 5    Iter 180  0.21sample/s Loss=10.3375  Accuracy=0.243 F1=0.231
Epoch 5    Iter 200  0.15sample/s Loss=10.9062  Accuracy=0.247 F1=0.244
Over whole epoch 5    -------- Loss: 10.3663 Accuracy: 0.254 F1: 0.248

Start evaluation...
Evaluation complete in 119m 15s
Matching accuracy
aeroplane = 0.2143, 0.2041
bicycle = 0.6450, 0.6450
bird = 0.3493, 0.3268
boat = 0.2947, 0.2911
bottle = 0.8911, 0.8917
bus = 0.6932, 0.6725
car = 0.2881, 0.2761
cat = 0.5718, 0.5592
chair = 0.2324, 0.2275
cow = 0.5628, 0.5478
diningtable = 0.6275, 0.5801
dog = 0.4827, 0.4613
horse = 0.5453, 0.5208
motorbike = 0.5468, 0.5366
person = 0.2421, 0.2325
pottedplant = 0.9701, 0.9653
sheep = 0.4432, 0.4131
sofa = 0.4021, 0.3698
train = 0.8652, 0.7846
tvmonitor = 0.8583, 0.8279
average = 0.5363, 0.5167
Epoch 6/9
----------
lr = 2.50e-06, 2.50e-04
Epoch 6    Iter 20   0.19sample/s Loss=9.9437   Accuracy=0.286 F1=0.283
Epoch 6    Iter 40   0.22sample/s Loss=9.6625   Accuracy=0.294 F1=0.289
Epoch 6    Iter 60   0.17sample/s Loss=10.8750  Accuracy=0.229 F1=0.225
Epoch 6    Iter 80   0.18sample/s Loss=10.6188  Accuracy=0.262 F1=0.259
Epoch 6    Iter 100  0.24sample/s Loss=9.2750   Accuracy=0.303 F1=0.297
Epoch 6    Iter 120  0.20sample/s Loss=10.6188  Accuracy=0.243 F1=0.235
Epoch 6    Iter 140  0.18sample/s Loss=10.4062  Accuracy=0.282 F1=0.279
Epoch 6    Iter 160  0.17sample/s Loss=10.2875  Accuracy=0.264 F1=0.258
Epoch 6    Iter 180  0.18sample/s Loss=10.0437  Accuracy=0.289 F1=0.284
Epoch 6    Iter 200  0.19sample/s Loss=10.3375  Accuracy=0.299 F1=0.29
Over whole epoch 6    -------- Loss: 10.2069 Accuracy: 0.275 F1: 0.270

Start evaluation...
Evaluation complete in 98m 48s
Matching accuracy
aeroplane = 0.2188, 0.2096
bicycle = 0.6602, 0.6602
bird = 0.4299, 0.3989
boat = 0.3600, 0.3311
bottle = 0.8950, 0.8944
bus = 0.7000, 0.6512
car = 0.3623, 0.3260
cat = 0.5900, 0.5682
chair = 0.2596, 0.2545
cow = 0.5779, 0.5549
diningtable = 0.6275, 0.5801
dog = 0.5089, 0.4809
horse = 0.5828, 0.5523
motorbike = 0.5556, 0.5448
person = 0.2860, 0.2713
pottedplant = 0.9721, 0.9673
sheep = 0.4704, 0.4276
sofa = 0.4021, 0.3695
train = 0.8617, 0.7801
tvmonitor = 0.8583, 0.8279
average = 0.5590, 0.5325
Epoch 7/9
----------
lr = 2.50e-06, 2.50e-04
Epoch 7    Iter 20   0.22sample/s Loss=9.2625   Accuracy=0.325 F1=0.317
Epoch 7    Iter 40   0.19sample/s Loss=10.5500  Accuracy=0.285 F1=0.277
Epoch 7    Iter 60   0.28sample/s Loss=8.7250   Accuracy=0.341 F1=0.328
Epoch 7    Iter 80   0.20sample/s Loss=8.2438   Accuracy=0.374 F1=0.368
Epoch 7    Iter 100  0.21sample/s Loss=9.4875   Accuracy=0.32 F1=0.312
Epoch 7    Iter 120  0.19sample/s Loss=10.2375  Accuracy=0.272 F1=0.271
Epoch 7    Iter 140  0.21sample/s Loss=8.5500   Accuracy=0.361 F1=0.349
Epoch 7    Iter 160  0.20sample/s Loss=10.1062  Accuracy=0.271 F1=0.265
Epoch 7    Iter 180  0.22sample/s Loss=9.0375   Accuracy=0.329 F1=0.329
Epoch 7    Iter 200  0.20sample/s Loss=9.5625   Accuracy=0.316 F1=0.31
Over whole epoch 7    -------- Loss: 9.3763 Accuracy: 0.319 F1: 0.313

Start evaluation...
Evaluation complete in 105m 1s
Matching accuracy
aeroplane = 0.2612, 0.2485
bicycle = 0.6623, 0.6619
bird = 0.4127, 0.3850
boat = 0.3432, 0.3159
bottle = 0.8950, 0.8950
bus = 0.7091, 0.6667
car = 0.3072, 0.2824
cat = 0.5852, 0.5682
chair = 0.2388, 0.2341
cow = 0.5747, 0.5530
diningtable = 0.6732, 0.6306
dog = 0.5161, 0.4890
horse = 0.5927, 0.5629
motorbike = 0.5731, 0.5620
person = 0.2570, 0.2502
pottedplant = 0.9741, 0.9702
sheep = 0.4912, 0.4528
sofa = 0.4301, 0.3952
train = 0.8546, 0.7812
tvmonitor = 0.8583, 0.8279
average = 0.5605, 0.5366
Epoch 8/9
----------
lr = 1.25e-06, 1.25e-04
Epoch 8    Iter 20   0.22sample/s Loss=9.1500   Accuracy=0.312 F1=0.305
Epoch 8    Iter 40   0.23sample/s Loss=9.2562   Accuracy=0.341 F1=0.335
Epoch 8    Iter 60   0.22sample/s Loss=9.5125   Accuracy=0.339 F1=0.334
Epoch 8    Iter 80   0.17sample/s Loss=10.1687  Accuracy=0.313 F1=0.301
Epoch 8    Iter 100  0.21sample/s Loss=9.6937   Accuracy=0.277 F1=0.276
Epoch 8    Iter 120  0.17sample/s Loss=10.1687  Accuracy=0.307 F1=0.3
Epoch 8    Iter 140  0.16sample/s Loss=11.3250  Accuracy=0.228 F1=0.222
Epoch 8    Iter 160  0.21sample/s Loss=9.1937   Accuracy=0.346 F1=0.336
Epoch 8    Iter 180  0.22sample/s Loss=9.2500   Accuracy=0.32 F1=0.314
Epoch 8    Iter 200  0.19sample/s Loss=9.9187   Accuracy=0.274 F1=0.267
Over whole epoch 8    -------- Loss: 9.7637 Accuracy: 0.306 F1: 0.299

Start evaluation...
Evaluation complete in 101m 26s
Matching accuracy
aeroplane = 0.2533, 0.2425
bicycle = 0.6826, 0.6822
bird = 0.4242, 0.3957
boat = 0.3137, 0.2986
bottle = 0.8976, 0.8976
bus = 0.7114, 0.6804
car = 0.3093, 0.3074
cat = 0.5888, 0.5674
chair = 0.2548, 0.2498
cow = 0.5940, 0.5701
diningtable = 0.6536, 0.6085
dog = 0.5173, 0.4868
horse = 0.5762, 0.5475
motorbike = 0.5877, 0.5768
person = 0.2620, 0.2550
pottedplant = 0.9741, 0.9693
sheep = 0.5024, 0.4635
sofa = 0.4231, 0.3888
train = 0.8440, 0.7690
tvmonitor = 0.8529, 0.8237
average = 0.5611, 0.5390
Epoch 9/9
----------
lr = 1.25e-06, 1.25e-04
Epoch 9    Iter 20   0.20sample/s Loss=9.0125   Accuracy=0.366 F1=0.358
Epoch 9    Iter 40   0.23sample/s Loss=9.0625   Accuracy=0.334 F1=0.328
Epoch 9    Iter 60   0.18sample/s Loss=10.0250  Accuracy=0.284 F1=0.286
Epoch 9    Iter 80   0.21sample/s Loss=8.7812   Accuracy=0.34 F1=0.339
Epoch 9    Iter 100  0.18sample/s Loss=9.4875   Accuracy=0.32 F1=0.311
Epoch 9    Iter 120  0.24sample/s Loss=8.2812   Accuracy=0.38 F1=0.373
Epoch 9    Iter 140  0.18sample/s Loss=9.5375   Accuracy=0.347 F1=0.335
Epoch 9    Iter 160  0.18sample/s Loss=9.6375   Accuracy=0.334 F1=0.33
Epoch 9    Iter 180  0.25sample/s Loss=8.3688   Accuracy=0.358 F1=0.353
Epoch 9    Iter 200  0.20sample/s Loss=9.5500   Accuracy=0.322 F1=0.319
Over whole epoch 9    -------- Loss: 9.1744 Accuracy: 0.339 F1: 0.333

Start evaluation...
Evaluation complete in 102m 36s
Matching accuracy
aeroplane = 0.2556, 0.2441
bicycle = 0.6704, 0.6700
bird = 0.4127, 0.3846
boat = 0.3579, 0.3314
bottle = 0.8990, 0.8984
bus = 0.7205, 0.6869
car = 0.3347, 0.3080
cat = 0.5949, 0.5706
chair = 0.2804, 0.2752
cow = 0.5983, 0.5742
diningtable = 0.6776, 0.6264
dog = 0.5280, 0.4980
horse = 0.5938, 0.5634
motorbike = 0.5892, 0.5778
person = 0.2760, 0.2673
pottedplant = 0.9701, 0.9653
sheep = 0.5008, 0.4596
sofa = 0.4091, 0.3759
train = 0.8617, 0.7877
tvmonitor = 0.8583, 0.8289
average = 0.5694, 0.5447
Training complete in 44h 30m 8s
